TN:
SF:src/application/controllers/controller.ts
FN:7,(anonymous_0)
FN:11,(anonymous_1)
FN:23,(anonymous_2)
FNF:3
FNH:3
FNDA:6,(anonymous_0)
FNDA:13,(anonymous_1)
FNDA:13,(anonymous_2)
DA:1,7
DA:2,7
DA:4,7
DA:8,6
DA:12,13
DA:13,13
DA:14,1
DA:16,12
DA:17,12
DA:19,2
DA:24,13
DA:25,13
LF:12
LH:12
BRDA:13,0,0,1
BRF:1
BRH:1
end_of_record
TN:
SF:src/application/controllers/facebook-login.ts
FN:10,(anonymous_0)
FN:14,(anonymous_1)
FN:23,(anonymous_2)
FNF:3
FNH:3
FNDA:8,(anonymous_0)
FNDA:5,(anonymous_1)
FNDA:6,(anonymous_2)
DA:1,7
DA:2,7
DA:3,7
DA:9,7
DA:10,8
DA:11,8
DA:15,5
DA:16,5
DA:17,3
DA:19,2
DA:24,6
LF:11
LH:11
BRF:0
BRH:0
end_of_record
TN:
SF:src/application/controllers/save-picture.ts
FN:10,(anonymous_0)
FN:14,(anonymous_1)
FN:19,(anonymous_2)
FNF:3
FNH:3
FNDA:11,(anonymous_0)
FNDA:4,(anonymous_1)
FNDA:4,(anonymous_2)
DA:1,7
DA:2,7
DA:3,7
DA:9,7
DA:10,11
DA:11,11
DA:15,4
DA:16,4
DA:20,4
DA:21,3
LF:10
LH:10
BRDA:20,0,0,1
BRF:1
BRH:1
end_of_record
TN:
SF:src/application/decorators/db-transaction-controller.ts
FN:6,(anonymous_0)
FN:13,(anonymous_1)
FNF:2
FNH:2
FNDA:13,(anonymous_0)
FNDA:8,(anonymous_1)
DA:1,4
DA:5,4
DA:7,13
DA:8,13
DA:10,13
DA:14,8
DA:15,8
DA:16,8
DA:17,6
DA:18,6
DA:20,2
DA:21,2
DA:23,8
LF:13
LH:13
BRF:0
BRH:0
end_of_record
TN:
SF:src/application/errors/http.ts
FN:2,(anonymous_0)
FN:10,(anonymous_1)
FN:17,(anonymous_2)
FNF:3
FNH:3
FNDA:6,(anonymous_0)
FNDA:4,(anonymous_1)
FNDA:12,(anonymous_2)
DA:1,16
DA:3,6
DA:4,6
DA:5,6
DA:9,16
DA:11,4
DA:12,4
DA:16,16
DA:18,12
DA:19,12
LF:10
LH:10
BRF:0
BRH:0
end_of_record
TN:
SF:src/application/errors/validation.ts
FN:2,(anonymous_0)
FN:12,(anonymous_1)
FN:19,(anonymous_2)
FNF:3
FNH:3
FNDA:19,(anonymous_0)
FNDA:2,(anonymous_1)
FNDA:2,(anonymous_2)
DA:1,16
DA:3,19
DA:6,19
DA:7,19
DA:11,16
DA:13,2
DA:14,2
DA:18,16
DA:20,2
DA:21,2
LF:10
LH:10
BRDA:3,0,0,2
BRDA:3,0,1,17
BRF:2
BRH:2
end_of_record
TN:
SF:src/application/helpers/http.ts
FN:8,(anonymous_0)
FN:13,(anonymous_1)
FN:18,(anonymous_2)
FN:23,(anonymous_3)
FN:28,(anonymous_4)
FNF:5
FNH:5
FNDA:13,(anonymous_0)
FNDA:1,(anonymous_1)
FNDA:2,(anonymous_2)
FNDA:7,(anonymous_3)
FNDA:2,(anonymous_4)
DA:1,8
DA:8,13
DA:13,8
DA:18,8
DA:23,8
DA:28,8
LF:6
LH:6
BRDA:30,0,0,1
BRDA:30,0,1,1
BRF:2
BRH:2
end_of_record
TN:
SF:src/application/middlewares/authentication.ts
FN:10,(anonymous_0)
FN:12,(anonymous_1)
FN:22,(anonymous_2)
FNF:3
FNH:3
FNDA:9,(anonymous_0)
FNDA:13,(anonymous_1)
FNDA:13,(anonymous_2)
DA:1,4
DA:2,4
DA:9,4
DA:10,9
DA:13,13
DA:14,7
DA:15,7
DA:16,6
DA:18,1
DA:23,13
DA:24,13
LF:11
LH:11
BRDA:13,0,0,6
BRF:1
BRH:1
end_of_record
TN:
SF:src/application/validation/allowed-mime-types.ts
FN:6,(anonymous_0)
FN:11,(anonymous_1)
FN:18,(anonymous_2)
FN:22,(anonymous_3)
FNF:4
FNH:4
FNDA:12,(anonymous_0)
FNDA:6,(anonymous_1)
FNDA:6,(anonymous_2)
FNDA:3,(anonymous_3)
DA:1,13
DA:5,13
DA:7,12
DA:8,12
DA:12,6
DA:13,6
DA:14,3
DA:15,6
DA:19,6
DA:23,3
LF:10
LH:10
BRDA:13,0,0,3
BRDA:13,0,1,3
BRDA:14,1,0,2
BRDA:15,2,0,1
BRDA:19,3,0,6
BRDA:19,3,1,4
BRDA:23,4,0,3
BRDA:23,4,1,2
BRF:8
BRH:8
end_of_record
TN:
SF:src/application/validation/builder.ts
FN:4,(anonymous_0)
FN:10,(anonymous_1)
FN:14,(anonymous_2)
FN:28,(anonymous_3)
FN:38,(anonymous_4)
FNF:5
FNH:5
FNDA:16,(anonymous_0)
FNDA:16,(anonymous_1)
FNDA:13,(anonymous_2)
FNDA:6,(anonymous_3)
FNDA:16,(anonymous_4)
DA:1,13
DA:3,13
DA:5,16
DA:6,16
DA:7,16
DA:11,16
DA:15,13
DA:16,1
DA:17,12
DA:18,7
DA:19,5
DA:20,5
DA:21,5
DA:22,4
DA:25,13
DA:29,6
DA:30,5
DA:32,6
DA:33,5
DA:35,6
DA:39,16
LF:21
LH:21
BRDA:7,0,0,16
BRDA:15,1,0,1
BRDA:15,1,1,12
BRDA:17,2,0,7
BRDA:17,2,1,5
BRDA:19,3,0,5
BRDA:21,4,0,4
BRDA:29,5,0,5
BRDA:32,6,0,5
BRF:9
BRH:9
end_of_record
TN:
SF:src/application/validation/composite.ts
FN:4,(anonymous_0)
FN:8,(anonymous_1)
FNF:2
FNH:2
FNDA:12,(anonymous_0)
FNDA:12,(anonymous_1)
DA:3,13
DA:5,12
DA:9,12
DA:10,18
DA:11,18
DA:12,2
LF:6
LH:6
BRDA:11,0,0,2
BRF:1
BRH:1
end_of_record
TN:
SF:src/application/validation/max-file-size.ts
FN:4,(anonymous_0)
FN:9,(anonymous_1)
FNF:2
FNH:2
FNDA:11,(anonymous_0)
FNDA:5,(anonymous_1)
DA:1,13
DA:3,13
DA:5,11
DA:6,11
DA:10,5
DA:11,5
LF:6
LH:6
BRDA:11,0,0,1
BRF:1
BRH:1
end_of_record
TN:
SF:src/application/validation/required.ts
FN:5,(anonymous_0)
FN:10,(anonymous_1)
FN:18,(anonymous_2)
FN:25,(anonymous_3)
FN:33,(anonymous_4)
FN:40,(anonymous_5)
FNF:6
FNH:6
FNDA:47,(anonymous_0)
FNDA:29,(anonymous_1)
FNDA:25,(anonymous_2)
FNDA:20,(anonymous_3)
FNDA:11,(anonymous_4)
FNDA:4,(anonymous_5)
DA:1,13
DA:4,13
DA:6,47
DA:7,47
DA:11,29
DA:12,7
DA:17,13
DA:19,25
DA:20,25
DA:22,25
DA:26,20
DA:27,7
DA:32,13
DA:34,11
DA:35,11
DA:37,11
DA:41,4
DA:42,1
LF:18
LH:18
BRDA:11,0,0,7
BRDA:11,1,0,29
BRDA:11,1,1,27
BRDA:26,2,0,7
BRDA:26,3,0,20
BRDA:26,3,1,15
BRDA:41,4,0,1
BRDA:41,5,0,4
BRDA:41,5,1,4
BRF:9
BRH:9
end_of_record
TN:
SF:src/domain/entities/access-token.ts
FNF:0
FNH:0
DA:1,8
LF:1
LH:1
BRF:0
BRH:0
end_of_record
TN:
SF:src/domain/entities/facebook-account.ts
FN:18,(anonymous_0)
FNF:1
FNH:1
FNDA:4,(anonymous_0)
DA:12,8
DA:19,4
DA:20,4
DA:21,4
DA:22,4
LF:5
LH:5
BRDA:20,0,0,4
BRDA:20,0,1,3
BRF:2
BRH:2
end_of_record
TN:
SF:src/domain/entities/user-profile.ts
FN:5,(anonymous_0)
FN:7,(anonymous_1)
FNF:2
FNH:2
FNDA:9,(anonymous_0)
FNDA:9,(anonymous_1)
DA:1,8
DA:5,9
DA:8,9
DA:9,9
DA:10,4
DA:11,4
DA:12,2
DA:14,2
LF:8
LH:8
BRDA:9,0,0,4
BRDA:9,1,0,9
BRDA:9,1,1,6
BRDA:9,1,2,5
BRDA:11,2,0,2
BRDA:11,2,1,2
BRDA:11,3,0,4
BRDA:11,3,1,4
BRF:8
BRH:8
end_of_record
TN:
SF:src/domain/entities/errors/authentication.ts
FN:2,(anonymous_0)
FNF:1
FNH:1
FNDA:4,(anonymous_0)
DA:1,9
DA:3,4
DA:4,4
LF:3
LH:3
BRF:0
BRH:0
end_of_record
TN:
SF:src/domain/usecases/change-profile-picture.ts
FN:10,(anonymous_0)
FN:10,(anonymous_1)
FNF:2
FNH:2
FNDA:17,(anonymous_0)
FNDA:13,(anonymous_1)
DA:3,5
DA:10,17
DA:11,13
DA:12,13
DA:13,13
DA:14,9
DA:16,4
DA:18,13
DA:19,13
DA:20,13
DA:21,13
DA:23,3
DA:24,3
DA:26,10
LF:14
LH:14
BRDA:13,0,0,9
BRDA:13,0,1,4
BRDA:23,1,0,2
BRF:3
BRH:3
end_of_record
TN:
SF:src/domain/usecases/facebook-authentication.ts
FN:15,(anonymous_0)
FN:15,(anonymous_1)
FNF:2
FNH:2
FNDA:13,(anonymous_0)
FNDA:12,(anonymous_1)
DA:3,5
DA:4,5
DA:15,13
DA:16,12
DA:17,11
DA:18,9
DA:19,8
DA:20,8
DA:21,7
DA:22,6
DA:24,2
LF:11
LH:11
BRDA:17,0,0,9
BRF:1
BRH:1
end_of_record
TN:
SF:src/infra/gateways/aws-s3-file-storage.ts
FN:5,(anonymous_0)
FN:18,(anonymous_1)
FN:28,(anonymous_2)
FNF:3
FNH:3
FNDA:11,(anonymous_0)
FNDA:4,(anonymous_1)
FNDA:2,(anonymous_2)
DA:2,8
DA:4,8
DA:8,11
DA:10,11
DA:19,4
DA:25,3
DA:29,2
LF:7
LH:7
BRF:0
BRH:0
end_of_record
TN:
SF:src/infra/gateways/axios-client.ts
FN:6,(anonymous_1)
FNF:1
FNH:1
FNDA:3,(anonymous_1)
DA:3,9
DA:5,9
DA:7,3
DA:8,2
LF:4
LH:4
BRF:0
BRH:0
end_of_record
TN:
SF:src/infra/gateways/facebook-api.ts
FN:23,(anonymous_0)
FN:29,(anonymous_1)
FN:42,(anonymous_2)
FN:53,(anonymous_3)
FN:64,(anonymous_4)
FNF:5
FNH:5
FNDA:7,(anonymous_0)
FNDA:5,(anonymous_1)
FNDA:5,(anonymous_2)
FNDA:5,(anonymous_3)
FNDA:5,(anonymous_4)
DA:20,8
DA:21,7
DA:24,7
DA:25,7
DA:26,7
DA:30,5
DA:31,5
DA:32,4
DA:38,1
DA:43,5
DA:54,5
DA:55,4
DA:65,5
DA:66,4
LF:14
LH:14
BRF:0
BRH:0
end_of_record
TN:
SF:src/infra/gateways/jwt-token-handler.ts
FN:6,(anonymous_0)
FN:10,(anonymous_1)
FN:15,(anonymous_2)
FNF:3
FNH:3
FNDA:13,(anonymous_0)
FNDA:4,(anonymous_1)
FNDA:8,(anonymous_2)
DA:3,9
DA:5,9
DA:7,13
DA:11,4
DA:12,4
DA:16,8
DA:17,7
LF:7
LH:7
BRF:0
BRH:0
end_of_record
TN:
SF:src/infra/gateways/unique-id.ts
FN:4,(anonymous_0)
FNF:1
FNH:1
FNDA:3,(anonymous_0)
DA:3,9
DA:5,3
DA:6,3
DA:12,3
LF:4
LH:4
BRF:0
BRH:0
end_of_record
TN:
SF:src/infra/gateways/uuid-handler.ts
FN:6,(anonymous_0)
FNF:1
FNH:1
FNDA:2,(anonymous_0)
DA:3,9
DA:5,9
DA:7,2
LF:3
LH:3
BRF:0
BRH:0
end_of_record
TN:
SF:src/infra/repos/postgres/repository.ts
FN:6,(anonymous_0)
FN:10,(anonymous_1)
FNF:2
FNH:2
FNDA:19,(anonymous_0)
FNDA:13,(anonymous_1)
DA:1,5
DA:5,5
DA:7,19
DA:11,13
LF:4
LH:4
BRDA:7,0,0,19
BRF:1
BRH:1
end_of_record
TN:
SF:src/infra/repos/postgres/user-account.ts
FN:6,(anonymous_0)
FN:17,(anonymous_1)
FNF:2
FNH:2
FNDA:3,(anonymous_0)
FNDA:3,(anonymous_1)
DA:1,5
DA:2,5
DA:5,5
DA:7,3
DA:8,3
DA:9,3
DA:10,1
DA:18,3
DA:20,3
DA:21,2
DA:22,2
DA:24,1
DA:25,1
DA:27,3
LF:14
LH:14
BRDA:9,0,0,1
BRDA:12,1,0,1
BRDA:12,1,1,1
BRDA:20,2,0,2
BRDA:20,2,1,1
BRF:5
BRH:5
end_of_record
TN:
SF:src/infra/repos/postgres/user-profile.ts
FN:6,(anonymous_0)
FN:11,(anonymous_1)
FNF:2
FNH:2
FNDA:3,(anonymous_0)
FNDA:4,(anonymous_1)
DA:1,5
DA:2,5
DA:5,5
DA:7,3
DA:8,3
DA:12,4
DA:13,4
DA:14,4
DA:15,3
LF:9
LH:9
BRDA:14,0,0,3
BRDA:16,1,0,3
BRDA:16,1,1,1
BRF:3
BRH:3
end_of_record
TN:
SF:src/infra/repos/postgres/entities/user.ts
FNF:0
FNH:0
DA:1,6
DA:4,6
DA:6,6
DA:9,6
DA:12,6
DA:15,6
DA:18,6
DA:21,6
LF:8
LH:8
BRF:0
BRH:0
end_of_record
TN:
SF:src/infra/repos/postgres/helpers/connection.ts
FN:11,(anonymous_0)
FN:13,(anonymous_1)
FN:18,(anonymous_2)
FN:24,(anonymous_3)
FN:31,(anonymous_4)
FN:37,(anonymous_5)
FN:42,(anonymous_6)
FN:47,(anonymous_7)
FN:52,(anonymous_8)
FNF:9
FNH:9
FNDA:6,(anonymous_0)
FNDA:49,(anonymous_1)
FNDA:13,(anonymous_2)
FNDA:11,(anonymous_3)
FNDA:8,(anonymous_4)
FNDA:4,(anonymous_5)
FNDA:4,(anonymous_6)
FNDA:2,(anonymous_7)
FNDA:19,(anonymous_8)
DA:1,6
DA:4,6
DA:6,6
DA:14,49
DA:15,49
DA:19,13
DA:25,11
DA:26,10
DA:27,10
DA:28,10
DA:32,8
DA:33,7
DA:34,7
DA:38,4
DA:39,3
DA:43,4
DA:44,3
DA:48,2
DA:49,1
DA:53,19
DA:54,18
DA:55,14
LF:22
LH:22
BRDA:14,0,0,6
BRDA:19,1,0,12
BRDA:19,1,1,1
BRDA:25,2,0,1
BRDA:32,3,0,1
BRDA:38,4,0,1
BRDA:43,5,0,1
BRDA:48,6,0,1
BRDA:53,7,0,1
BRDA:54,8,0,4
BRF:10
BRH:10
end_of_record
TN:
SF:src/infra/repos/postgres/helpers/errors.ts
FN:2,(anonymous_0)
FN:9,(anonymous_1)
FNF:2
FNH:2
FNDA:6,(anonymous_0)
FNDA:6,(anonymous_1)
DA:1,6
DA:3,6
DA:4,6
DA:8,6
DA:10,6
DA:11,6
LF:6
LH:6
BRF:0
BRH:0
end_of_record
